#"Progress (%)"	"Step"	"Time (ps)"	"Potential Energy (kJ/mole)"	"Kinetic Energy (kJ/mole)"	"Total Energy (kJ/mole)"	"Temperature (K)"	"Box Volume (nm^3)"	"Density (g/mL)"	"Speed (ns/day)"	"Time Remaining"
0.8%	500	1.0000000000000007	-620568.9868421562	70157.32909345727	-550411.6577486988	212.22810418118033	400.5956432611131	0.9955536980675234	0	--
1.5%	1000	2.0000000000000013	-591253.8403650569	91182.00760727351	-500071.83275778336	275.8284110865659	382.4436498060826	1.0428058467713024	66.5	2:46
2.3%	1500	2.999999999999891	-664981.5767633631	42103.098156590386	-622878.4786067727	127.36318239858177	364.50210623566863	1.0941348959462147	66.3	2:45
3.1%	2000	3.999999999999781	-697157.9419262821	19019.997750381495	-678137.9441759007	57.53608519954649	358.3315770823543	1.112976080214893	66.8	2:42
3.8%	2500	4.999999999999671	-708573.8563120512	9672.441789785504	-698901.4145222657	29.2594374725197	356.1395275667751	1.1198264815004644	67.2	2:40
4.6%	3000	5.999999999999561	-713040.5965023232	5842.087483199773	-707198.5090191234	17.67249647386758	355.95246656703284	1.1204149754170474	67.5	2:38
5.4%	3500	6.999999999999451	-713697.8774761779	5318.403167268697	-708379.4743089091	16.088335118303156	355.95246656703284	1.1204149754170474	67.7	2:37
6.2%	4000	7.999999999999341	-714051.0196769761	5103.806459187648	-708947.2132177885	15.43917339695407	355.3966299974859	1.1221672925856407	67.9	2:35
6.9%	4500	8.999999999999675	-713052.7970056077	6069.201339215954	-706983.5956663918	18.35952295732142	354.9660313933376	1.123528559938214	68	2:33
7.7%	5000	10.000000000000009	-712822.0324450883	6489.8112609733635	-706332.2211841149	19.631881062280893	355.19690465166	1.1227982813348416	68.3	2:31
8.5%	5500	11.000000000000343	-711770.1717665261	7682.968869884904	-704087.2028966412	23.241219966721335	355.0863399947517	1.123147891535997	68.4	2:30
9.2%	6000	12.000000000000677	-711273.1676389747	8022.510562502819	-703250.657076472	24.268344155254464	355.0863399947517	1.123147891535997	68.4	2:29
10.0%	6500	13.00000000000101	-710210.0433990301	9356.276946957678	-700853.7664520724	28.3030289822149	354.96585213384657	1.1235291273256307	68.5	2:27
10.8%	7000	14.000000000001345	-709824.187329594	9724.8100136391	-700099.377315955	29.417852979657656	355.3433295793576	1.1223356142647771	68.4	2:26
11.5%	7500	15.000000000001679	-708707.4101913823	10849.28369825485	-697858.1264931274	32.81942087529014	355.56204531786295	1.1216452355644708	68.5	2:24
12.3%	8000	16.00000000000201	-708117.2513072682	11358.885056493373	-696758.3662507748	34.36098084549719	355.8208476642189	1.1208294193450206	68.5	2:23
13.1%	8500	17.000000000001457	-707016.3570024236	12571.52308864722	-694444.8339137764	38.029248636581165	355.6333687242136	1.121420286035116	68.5	2:22
13.8%	9000	18.000000000000902	-706674.5265008216	12999.269309779842	-693675.2571910417	39.32319426927068	355.6826588223567	1.1212648808878944	68.5	2:21
14.6%	9500	19.000000000000348	-705618.1665167101	14257.974521825063	-691360.191994885	43.13081671338451	356.15329583454366	1.1197831909538603	68.5	2:20
15.4%	10000	19.999999999999794	-705002.8586324444	14664.166421736873	-690338.6922107076	44.359559853494645	356.2311896048183	1.1195383383492066	68.4	2:18
16.2%	10500	20.99999999999924	-704029.0441712146	15713.655985528718	-688315.3881856858	47.534298449725625	356.3571456377631	1.1191426324974951	68.5	2:17
16.9%	11000	21.999999999998685	-703641.4503223621	16248.78731004646	-687392.6630123156	49.153087362557194	356.3150617023719	1.1192748130626797	68.5	2:16
17.7%	11500	22.99999999999813	-702511.1796173605	17517.93086536139	-684993.2487519991	52.99228611995929	356.3104923898083	1.1192891666014462	68.5	2:15
18.5%	12000	23.999999999997577	-702162.1319230974	17905.81261693201	-684256.3193061654	54.16564049142701	356.3723904640443	1.1190947580395605	68.4	2:13
19.2%	12500	24.999999999997023	-700987.4236588343	19223.3491977616	-681764.0744610727	58.15122965726221	356.3861290458344	1.119051617261592	68.4	2:12
20.0%	13000	25.99999999999647	-700646.3269872768	19703.14194536096	-680943.1850419159	59.60261765248149	356.7581765131352	1.117884607372568	68.4	2:11
20.8%	13500	26.999999999995914	-699477.1008786138	20797.644783229414	-678679.4560953843	62.91352280384943	356.56732381714096	1.1184829552212816	68.4	2:10
21.5%	14000	27.99999999999536	-699394.6442935213	21351.942541152162	-678042.7017523692	64.59029077429365	356.79129118071523	1.1177808537830578	68.3	2:09
22.3%	14500	28.999999999994806	-698061.697081835	22572.7228389635	-675488.9742428715	68.28318917242264	356.86722519363894	1.117543012984562	68.3	2:07
23.1%	15000	29.99999999999425	-697933.1092499797	22733.991397614558	-675199.1178523651	68.77103158188714	356.9954726627321	1.1171415455319105	68.2	2:06
23.8%	15500	30.999999999993697	-696841.5889950818	24052.34716644424	-672789.2418286375	72.75909881692017	356.8788857019234	1.1175064988614707	68.2	2:05
24.6%	16000	31.999999999993143	-696342.4548897375	24621.91170925889	-671720.5431804786	74.48204928684684	357.095992418369	1.1168270788407326	68.1	2:04
25.4%	16500	32.999999999994365	-695209.348973261	25645.755257495883	-669563.593715765	77.57920788778245	357.2508048259204	1.1163431087934763	68.1	2:03
26.2%	17000	33.99999999999559	-694771.4928535649	26222.49051546143	-668549.0023381035	79.32384999423184	357.0650116311972	1.1169239804718367	68.1	2:01
26.9%	17500	34.99999999999681	-693945.0814058986	27536.928718375304	-666408.1526875233	83.30006647043382	357.31141066353786	1.116153758811478	68	2:00
27.7%	18000	35.99999999999803	-693450.4281237798	28012.831581343387	-665437.5965424364	84.73968744356934	357.39923026882576	1.1158794991762078	68	1:59
28.5%	18500	36.999999999999254	-692289.4639197984	29137.996854607158	-663151.4670651912	88.14334741638804	357.91900319210674	1.1142590097801617	67.9	1:58
29.2%	19000	38.000000000000476	-691948.0258194054	29647.392257584674	-662300.6335618207	89.68428436552011	357.74642545398933	1.114796531012808	67.9	1:56
30.0%	19500	39.0000000000017	-690923.2895489181	31035.278630275836	-659888.0109186423	93.88268384140052	357.709320799584	1.1149121671945073	67.9	1:55
30.8%	20000	40.00000000000292	-690600.4890571535	31267.435542266274	-659333.0535148872	94.58496572614351	357.91987457266464	1.1142562970399468	67.9	1:54
31.5%	20500	41.00000000000414	-689091.29560824	32316.682712892594	-656774.6128953474	97.75897107550419	358.0364901971791	1.1138933739929777	67.8	1:53
32.3%	21000	42.000000000005365	-688959.1999285496	32685.575157598974	-656273.6247709506	98.87488220265823	357.52414083029896	1.1154896370134604	67.8	1:52
33.1%	21500	43.00000000000659	-687778.9815849776	34024.02498362152	-653754.956601356	102.92373458613481	357.5147653554637	1.1155188896375035	67.8	1:50
33.8%	22000	44.00000000000781	-687371.74527435	34646.14014728681	-652725.6051270632	104.80565231979269	358.30917977725863	1.1130456504805732	67.8	1:49
34.6%	22500	45.00000000000903	-685810.9757250613	35578.93818854517	-650232.0375365161	107.62739542829199	358.29824826680374	1.1130796089780648	67.8	1:48
35.4%	23000	46.00000000001025	-685548.772954789	36358.88535661955	-649189.8875981695	109.98675988786833	357.8999538199673	1.1143183166739192	67.7	1:47
36.2%	23500	47.000000000011475	-684637.2892814055	37252.23494028914	-647385.0543411163	112.68917018431341	358.1984389161362	1.1133897603939935	67.7	1:45
36.9%	24000	48.0000000000127	-684148.6713108034	37977.12174688478	-646171.5495639186	114.88197533664197	357.9048712973967	1.1143030063621273	67.7	1:44
37.7%	24500	49.00000000001392	-683272.9871092751	38994.218607136856	-644278.7685021382	117.95872499642995	358.2699484705212	1.1131675313012035	67.7	1:43
38.5%	25000	50.00000000001514	-682785.8689908755	39523.699928797905	-643262.1690620776	119.56042247476155	358.28992192077095	1.1131054759796724	67.7	1:42
39.2%	25500	51.000000000016364	-681330.6172432036	40842.600751209684	-640488.0164919939	123.55013851384541	358.37262086276166	1.112848613039178	67.6	1:40
40.0%	26000	52.000000000017586	-680473.555088463	41250.36893774092	-639223.1861507221	124.78364997004182	358.24446302354966	1.1132467218401163	67.6	1:39
40.8%	26500	53.00000000001881	-679729.5748687037	42284.19621253891	-637445.3786561649	127.91100965457173	358.314875444674	1.1130279578357023	67.5	1:38
41.5%	27000	54.00000000002003	-679335.4027311108	42748.76093972058	-636586.6417913903	129.31633241404958	358.64486126907536	1.1120038710916498	67.5	1:37
42.3%	27500	55.00000000002125	-678133.2178565338	43755.461459678765	-634377.7563968551	132.3616328208585	358.5134645214443	1.1124114253580135	67.4	1:36
43.1%	28000	56.000000000022474	-678022.7074779023	44679.018111675345	-633343.6893662269	135.1554204391992	358.99460671728957	1.1109205169547525	67.4	1:34
43.8%	28500	57.0000000000237	-676642.417809831	45232.984233778494	-631409.4335760525	136.83118520096681	358.66884526486893	1.1119295119815156	67.3	1:33
44.6%	29000	58.00000000002492	-676468.9258110779	46063.536304201836	-630405.3895068761	139.34363106524555	358.5293104674101	1.1123622600294802	67.3	1:32
45.4%	29500	59.00000000002614	-674565.156140358	46890.71395861205	-627674.4421817459	141.8458692160546	358.7852715815528	1.1115686893175265	67.2	1:31
46.2%	30000	60.00000000002736	-674127.9697810384	48235.21557475482	-625892.7542062835	145.91302845300913	358.3598679800944	1.1128882157655335	67.2	1:30
46.9%	30500	61.000000000028585	-672977.7250584341	49082.94962742415	-623894.7754310099	148.47745034837774	358.3999453177257	1.1127637693269896	67.2	1:28
47.7%	31000	62.00000000002981	-672218.5005884557	48983.769204635784	-623234.73138382	148.17742648241463	357.82989301351336	1.1145364930796275	67.1	1:27
48.5%	31500	63.00000000003103	-671242.0072767038	50340.32462185697	-620901.6826548469	152.28104884281052	357.96700977768694	1.1141095776563896	67.1	1:26
49.2%	32000	64.00000000003224	-670748.0376165665	51147.85784395059	-619600.1797726159	154.72386197442145	358.09552943458107	1.1137097263069773	67.1	1:25
50.0%	32500	65.00000000002991	-669372.6837624437	51707.94635364161	-617664.7374088021	156.41814714920406	357.9528895068502	1.1141535262581173	67	1:23
50.8%	33000	66.00000000002758	-668608.7547424529	52510.778360631746	-616097.9763818211	158.84673895879988	357.7828817123921	1.1146829389085504	67	1:22
51.5%	33500	67.00000000002525	-666978.0436938	53691.48782490873	-613286.5558688913	162.41842183826756	358.29911149846896	1.1130769272924743	67	1:21
52.3%	34000	68.00000000002292	-665945.2491067392	54203.760899581364	-611741.4882071578	163.968063833846	358.5748263512883	1.112221061741878	67	1:20
53.1%	34500	69.00000000002059	-664497.458315677	55414.64211442373	-609082.8162012533	167.63101719788114	358.2881863171515	1.1131108680354722	66.9	1:18
53.8%	35000	70.00000000001826	-664495.0730122118	55908.385400384825	-608586.687611827	169.12460600586044	358.17301566784045	1.1134687891959698	66.9	1:17
54.6%	35500	71.00000000001593	-662696.0680210046	56728.93336148418	-605967.1346595204	171.60678912805244	357.9126269916528	1.114278860263962	66.9	1:16
55.4%	36000	72.0000000000136	-661723.1375348559	57604.480535716626	-604118.6569991392	174.25534658184338	357.9967303894537	1.1140170851406417	66.8	1:14
56.2%	36500	73.00000000001127	-660234.5580838837	58890.19282613751	-601344.3652577462	178.14466627864914	358.1632785364103	1.1134990602834698	66.8	1:13
56.9%	37000	74.00000000000894	-659272.0278505948	59126.97229062862	-600145.0555599662	178.86093152858538	358.2127075559854	1.1133454108855376	66.8	1:12
57.7%	37500	75.00000000000661	-657279.0215547585	60418.73585850635	-596860.2856962522	182.76855652804642	357.556910280076	1.1153874043881469	66.8	1:11
58.5%	38000	76.00000000000428	-657081.6718987701	60821.68014061461	-596259.9917581555	183.98747552321748	357.0146326616241	1.1170815916005687	66.7	1:09
59.2%	38500	77.00000000000195	-655075.5504965393	61789.8225382811	-593285.7279582582	186.91613640995786	356.93187961680417	1.1173405819242028	66.7	1:08
60.0%	39000	77.99999999999962	-653775.6948754513	62129.76951611417	-591645.9253593371	187.94448659888147	356.86357122123894	1.1175544556524457	66.6	1:07
60.8%	39500	78.99999999999729	-651914.5360875209	62769.18427726273	-589145.3518102581	189.8787361533828	356.90052693166456	1.1174387370817755	66.6	1:06
61.5%	40000	79.99999999999496	-650564.346555504	63984.0086349203	-586580.3379205837	193.55361764716574	356.8811498991339	1.1174994089518522	66.6	1:04
62.3%	40500	80.99999999999262	-648534.3826480499	65234.212109056	-583300.1705389939	197.3355220694835	356.7025176529539	1.1180590389506515	66.6	1:03
63.1%	41000	81.9999999999903	-647515.7546732905	65895.59786033593	-581620.1568129546	199.33623455298755	356.16273245781014	1.1197535220100034	66.5	1:02
63.8%	41500	82.99999999998796	-644900.2210624767	66239.59291532203	-578660.6281471547	200.37683030129708	355.73055549173336	1.121113910293847	66.5	1:01
64.6%	42000	83.99999999998563	-643585.8490397998	67113.65311746467	-576472.1959223351	203.02088961823378	354.9420574131995	1.1236044468352948	66.5	0:59
65.4%	42500	84.9999999999833	-641180.3197324662	68096.96132011198	-573083.3584123543	205.99542753708258	355.09675091593306	1.1231149624704853	66.4	0:58
66.2%	43000	85.99999999998097	-639217.5435719462	68743.45109753578	-570474.0924744104	207.95107923602907	354.649260455324	1.1245320900043976	66.4	0:57
66.9%	43500	86.99999999997864	-637105.7144368542	70317.14089949495	-566788.5735373592	212.71153986864735	354.81431063552213	1.1240089875856665	66.4	0:55
67.7%	44000	87.99999999997631	-635934.837458371	70309.59810545904	-565625.239352912	212.6887226819164	354.6945574332135	1.124388479384642	66.3	0:54
68.5%	44500	88.99999999997398	-633802.4163374524	71662.9143828614	-562139.5019545909	216.7825465435409	355.1300377879742	1.123009691217521	66.3	0:53
69.2%	45000	89.99999999997165	-632112.9824754023	71996.0584301579	-560116.9240452445	217.7903176558476	354.6813278011216	1.1244304191337764	66.3	0:52
70.0%	45500	90.99999999996932	-630357.8582231493	73248.44940465613	-557109.4088184931	221.57883933484874	354.658737543698	1.1245020405826065	66.2	0:50
70.8%	46000	91.99999999996699	-628756.6018579998	73730.42911071092	-555026.1727472888	223.03684294746557	355.30064598716166	1.122470444629448	66.2	0:49
71.5%	46500	92.99999999996466	-626439.9305965754	74632.13195437354	-551807.7986422018	225.76452211538796	355.04823062042783	1.1232684454769215	66.2	0:48
72.3%	47000	93.99999999996233	-625541.1550277811	75588.50389301451	-549952.6511347666	228.65757699721615	354.9922366855185	1.1234456218028293	66.1	0:47
73.1%	47500	94.99999999996	-623751.041410608	76176.81940376415	-547574.2220068439	230.43724972877715	355.0306453391736	1.12332408290371	66.1	0:45
73.8%	48000	95.99999999995767	-621754.2290251155	76390.66292696308	-545363.5660981524	231.08413304241466	354.8954171831844	1.1237521105336945	66.1	0:44
74.6%	48500	96.99999999995534	-618978.6457764246	78215.48151813544	-540763.1642582892	236.6042660788817	356.06209000320064	1.1200700250755549	66.1	0:43
75.4%	49000	97.999999999953	-617443.0762715191	78015.0011469364	-539428.0751245826	235.997806715977	356.26577439765043	1.1194296582449645	66	0:41
76.2%	49500	98.99999999995067	-615098.5763991	79072.24992434385	-536026.3264747561	239.1960171749037	355.99899264930605	1.1202685465776328	66	0:40
76.9%	50000	99.99999999994834	-613740.9687410602	80400.70145423838	-533340.2672868219	243.21462440139226	356.6122259747879	1.1183421235438382	66	0:39
77.7%	50500	100.99999999994601	-611751.1464430932	81908.8559501949	-529842.2904928983	247.77683869354132	356.50463496012856	1.118679632658753	65.9	0:38
78.5%	51000	101.99999999994368	-610527.1424342468	81606.25447121325	-528920.8879630336	246.86145980103606	357.431838205809	1.1157776992678037	65.9	0:36
79.2%	51500	102.99999999994135	-608407.1467713958	83676.42111950561	-524730.7256518902	253.12377834684236	357.73324355258273	1.1148376094930028	65.9	0:35
80.0%	52000	103.99999999993902	-606208.9520829609	84058.32421189264	-522150.6278710682	254.2790470881917	357.3091985379628	1.116160668995391	65.9	0:34
80.8%	52500	104.99999999993669	-604858.4776143788	84362.53817140577	-520495.939442973	255.1993037844938	358.0169310502794	1.1139542281097607	65.8	0:32
81.5%	53000	105.99999999993436	-604436.780392935	85390.79574659764	-519045.9846463374	258.3098149543561	359.48251908044426	1.1094127055148781	65.8	0:31
82.3%	53500	106.99999999993203	-601276.4790233546	86212.48368433485	-515063.99533901975	260.7954465413598	359.3672718392416	1.1097684884803425	65.8	0:30
83.1%	54000	107.9999999999297	-600163.9071648517	87124.49292834394	-513039.4142365077	263.5543028911209	359.12418494461934	1.1105196775868513	65.8	0:28
83.8%	54500	108.99999999992737	-597939.4537884926	89111.50332918044	-508827.9504593122	269.56507120010355	359.06447920820796	1.1107043363291915	65.7	0:27
84.6%	55000	109.99999999992504	-597015.5036198422	89120.13755332095	-507895.36606652127	269.59118999687206	359.2476673023449	1.1101379643550893	65.7	0:26
85.4%	55500	110.99999999992271	-595196.259495894	89134.61854270917	-506061.6409531848	269.6349954404977	359.7086848105349	1.108715165685817	65.7	0:24
86.2%	56000	111.99999999992038	-594434.8452166265	90332.76857797208	-504102.07663865446	273.2594365900422	360.380288078994	1.1066489685221652	65.6	0:23
86.9%	56500	112.99999999991805	-591231.0238400227	91242.324009422	-499988.69983060076	276.0108700804359	360.7712792113427	1.1054496215723169	65.6	0:22
87.7%	57000	113.99999999991572	-590430.9788297683	91923.73526534218	-498507.2435644261	278.07216033877825	362.0845599739786	1.101440155600671	65.6	0:21
88.5%	57500	114.99999999991338	-587849.2975566399	92577.18295602033	-495272.11460061953	280.0488599418868	362.8612498637677	1.0990825673120788	65.6	0:19
89.2%	58000	115.99999999991105	-586905.1020958493	92411.71457879423	-494493.38751705515	279.5483129505118	363.4516709352177	1.0972971263335445	65.6	0:18
90.0%	58500	116.99999999990872	-585839.4437858306	95376.01910744635	-490463.42467838427	288.515426414787	364.20180203451906	1.0950370696972547	65.6	0:17
90.8%	59000	117.9999999999064	-584559.6782851836	94608.13790578276	-489951.54037940083	286.1925618791611	364.6087072612312	1.0938150025929052	65.5	0:15
91.5%	59500	118.99999999990406	-582656.3223865996	96036.77788385595	-486619.54450274364	290.51424227979356	365.76209325136193	1.0903657908701407	65.5	0:14
92.3%	60000	119.99999999990173	-581811.0874737881	97285.59393042958	-484525.4935433585	294.2919496905518	365.5722480584473	1.0909320283376034	65.5	0:13
93.1%	60500	120.9999999998994	-578585.4373734556	97894.10946402744	-480691.32790942816	296.13272811996205	365.7844731089268	1.0902990788227818	65.5	0:11
93.8%	61000	121.99999999989707	-576890.5088567086	98122.85635685081	-478767.6524998578	296.82469459058655	366.4833367700131	1.088219938164926	65.5	0:10
94.6%	61500	122.99999999989474	-575434.6012917506	99875.08268478965	-475559.5186069609	302.1252337713105	367.57008224566897	1.0850025433021722	65.4	0:09
95.4%	62000	123.99999999989241	-574200.9251395888	100825.01047341616	-473375.9146661726	304.99879489876827	368.2062429102207	1.0831279527641848	65.4	0:07
96.2%	62500	124.99999999989008	-571344.1792294909	100836.32555432901	-470507.8536751619	305.0330233707158	368.39708922028575	1.0825668436263496	65.4	0:06
96.9%	63000	125.99999999988775	-572043.8294253745	102883.49828049913	-469160.3311448754	311.2257845864078	368.4986823468608	1.082268385706039	65.4	0:05
97.7%	63500	126.99999999988542	-569080.6531114148	104037.88493976189	-465042.76817165286	314.7178401614002	368.68825322862585	1.0817119086000067	65.4	0:03
98.5%	64000	127.99999999988309	-568021.1235042517	103543.91786352677	-464477.2056407249	313.2235743808764	369.23913029903156	1.080098075616623	65.4	0:02
99.2%	64500	128.99999999988785	-565508.2320473902	104759.87444186209	-460748.3576055281	316.9018808774503	369.6348679230639	1.0789417035228102	65.3	0:01
100.0%	65000	129.99999999989262	-566701.5402783463	105775.37766217199	-460926.1626161743	319.9738097268106	370.39117710960977	1.0767385907799807	65.3	0:00
